<?xml version="1.0" encoding="UTF-8"?>
<!-- Generated by org.testng.reporters.JUnitReportReporter -->
<testsuite hostname="DESKTOP-5KTOU1E" failures="0" tests="1" name="BasicCRUD.Get_All" time="1.596" errors="0" timestamp="2023-10-03T12:50:00 IST" skipped="0">
  <testcase classname="BasicCRUD.Get_All" name="get_mtd" time="1.596"/>
  <system-out/>
</testsuite> <!-- BasicCRUD.Get_All -->
