<?xml version="1.0" encoding="UTF-8"?>
<!-- Generated by org.testng.reporters.JUnitReportReporter -->
<testsuite hostname="DESKTOP-5KTOU1E" failures="0" tests="1" name="TestCases.Login" time="4.452" errors="0" timestamp="2023-05-18T16:47:14 IST" skipped="0">
  <testcase classname="TestCases.Login" name="logg" time="4.452"/>
  <system-out/>
</testsuite> <!-- TestCases.Login -->
