<?xml version="1.0" encoding="UTF-8"?>
<!-- Generated by org.testng.reporters.JUnitReportReporter -->
<testsuite hostname="DESKTOP-5KTOU1E" failures="0" tests="1" name="TestCases.NewUser" time="8.271" errors="0" timestamp="2023-05-19T15:13:46 IST" skipped="0">
  <testcase classname="TestCases.NewUser" name="user" time="8.271"/>
  <system-out/>
</testsuite> <!-- TestCases.NewUser -->
