<?xml version="1.0" encoding="UTF-8"?>
<!-- Generated by org.testng.reporters.JUnitReportReporter -->
<testsuite hostname="DESKTOP-5KTOU1E" failures="0" tests="1" name="TestCases.NewUser" time="8.808" errors="0" timestamp="2023-09-11T13:38:24 IST" skipped="0">
  <testcase classname="TestCases.NewUser" name="user" time="8.808"/>
</testsuite> <!-- TestCases.NewUser -->
