<?xml version="1.0" encoding="UTF-8"?>
<!-- Generated by org.testng.reporters.JUnitReportReporter -->
<testsuite hostname="DESKTOP-5KTOU1E" failures="0" tests="1" name="TestCases.Login" time="9.030" errors="0" timestamp="2023-05-23T15:48:47 IST" skipped="0">
  <testcase classname="TestCases.Login" name="logg" time="9.030"/>
  <system-out>
    <![CDATA[Here my hybrid framework begins.......Ausaf,]]>
  </system-out>
</testsuite> <!-- TestCases.Login -->
