<?xml version="1.0" encoding="UTF-8"?>
<!-- Generated by org.testng.reporters.JUnitReportReporter -->
<testsuite hostname="DESKTOP-5KTOU1E" failures="0" tests="1" name="RestPackage.Delete" time="1.364" errors="0" timestamp="2023-09-27T15:15:43 IST" skipped="0">
  <testcase classname="RestPackage.Delete" name="Del" time="1.364"/>
  <system-out/>
</testsuite> <!-- RestPackage.Delete -->
