<?xml version="1.0" encoding="UTF-8"?>
<!-- Generated by org.testng.reporters.JUnitReportReporter -->
<testsuite hostname="DESKTOP-5KTOU1E" failures="0" tests="1" name="BDD.Delete" time="1.377" errors="0" timestamp="2023-09-27T16:09:14 IST" skipped="0">
  <testcase classname="BDD.Delete" name="del" time="1.377"/>
  <system-out/>
</testsuite> <!-- BDD.Delete -->
