<?xml version="1.0" encoding="UTF-8"?>
<!-- Generated by org.testng.reporters.JUnitReportReporter -->
<testsuite hostname="DESKTOP-5KTOU1E" failures="0" tests="1" name="RestPackage.GetAll" time="1.420" errors="0" timestamp="2023-09-27T12:27:11 IST" skipped="0">
  <testcase classname="RestPackage.GetAll" name="getmtd" time="1.420"/>
  <system-out/>
</testsuite> <!-- RestPackage.GetAll -->
