<?xml version="1.0" encoding="UTF-8"?>
<!-- Generated by org.testng.reporters.JUnitReportReporter -->
<testsuite hostname="DESKTOP-5KTOU1E" failures="0" tests="1" name="PostBy_DifferentWays.PostByHashMap" time="1.628" errors="0" timestamp="2023-09-27T17:05:24 IST" skipped="0">
  <testcase classname="PostBy_DifferentWays.PostByHashMap" name="HashMapObj_post" time="1.628"/>
  <system-out/>
</testsuite> <!-- PostBy_DifferentWays.PostByHashMap -->
