<?xml version="1.0" encoding="UTF-8"?>
<!-- Generated by org.testng.reporters.JUnitReportReporter -->
<testsuite hostname="DESKTOP-5KTOU1E" failures="0" tests="1" name="BDD.Put" time="1.758" errors="0" timestamp="2023-09-27T16:10:32 IST" skipped="0">
  <testcase classname="BDD.Put" name="put" time="1.758"/>
  <system-out/>
</testsuite> <!-- BDD.Put -->
