<?xml version="1.0" encoding="UTF-8"?>
<!-- Generated by org.testng.reporters.JUnitReportReporter -->
<testsuite hostname="DESKTOP-5KTOU1E" failures="0" tests="1" name="Parseing.DeSerialization_Part2" time="0.271" errors="0" timestamp="2023-10-07T15:53:42 IST" skipped="0">
  <testcase classname="Parseing.DeSerialization_Part2" name="DeSerial" time="0.271"/>
  <system-out/>
</testsuite> <!-- Parseing.DeSerialization_Part2 -->
