<?xml version="1.0" encoding="UTF-8"?>
<!-- Generated by org.testng.reporters.JUnitReportReporter -->
<testsuite hostname="DESKTOP-5KTOU1E" failures="0" tests="1" name="BDD.Post" time="1.735" errors="0" timestamp="2023-09-27T16:09:46 IST" skipped="0">
  <testcase classname="BDD.Post" name="post" time="1.735"/>
  <system-out/>
</testsuite> <!-- BDD.Post -->
