<?xml version="1.0" encoding="UTF-8"?>
<!-- Generated by org.testng.reporters.JUnitReportReporter -->
<testsuite hostname="DESKTOP-5KTOU1E" failures="0" tests="1" name="RestPackage.Get_Particular" time="1.410" errors="0" timestamp="2023-09-27T12:28:38 IST" skipped="0">
  <testcase classname="RestPackage.Get_Particular" name="getSingle" time="1.410"/>
  <system-out/>
</testsuite> <!-- RestPackage.Get_Particular -->
