<?xml version="1.0" encoding="UTF-8"?>
<!-- Generated by org.testng.reporters.JUnitReportReporter -->
<testsuite hostname="DESKTOP-5KTOU1E" failures="0" tests="1" name="Parseing.Serialization" time="0.312" errors="0" timestamp="2023-10-07T15:14:44 IST" skipped="0">
  <testcase classname="Parseing.Serialization" name="serial" time="0.312"/>
  <system-out/>
</testsuite> <!-- Parseing.Serialization -->
