<?xml version="1.0" encoding="UTF-8"?>
<!-- Generated by org.testng.reporters.JUnitReportReporter -->
<testsuite hostname="DESKTOP-5KTOU1E" failures="0" tests="1" name="RequestChaining.Post_del" time="2.368" errors="0" timestamp="2023-10-09T15:57:48 IST" skipped="0">
  <testcase classname="RequestChaining.Post_del" name="PostAndDel" time="2.368"/>
</testsuite> <!-- RequestChaining.Post_del -->
