<?xml version="1.0" encoding="UTF-8"?>
<!-- Generated by org.testng.reporters.JUnitReportReporter -->
<testsuite hostname="DESKTOP-5KTOU1E" failures="0" tests="1" name="PostBy_DifferentWays.JsonObject" time="1.761" errors="0" timestamp="2023-09-27T17:01:57 IST" skipped="0">
  <testcase classname="PostBy_DifferentWays.JsonObject" name="Jobject_post" time="1.761"/>
  <system-out/>
</testsuite> <!-- PostBy_DifferentWays.JsonObject -->
