<?xml version="1.0" encoding="UTF-8"?>
<!-- Generated by org.testng.reporters.JUnitReportReporter -->
<testsuite hostname="DESKTOP-5KTOU1E" failures="0" tests="1" name="BDD.GetSingleItem" time="1.362" errors="0" timestamp="2023-09-27T16:04:29 IST" skipped="0">
  <testcase classname="BDD.GetSingleItem" name="getSingle" time="1.362"/>
  <system-out/>
</testsuite> <!-- BDD.GetSingleItem -->
