<?xml version="1.0" encoding="UTF-8"?>
<!-- Generated by org.testng.reporters.JUnitReportReporter -->
<testsuite hostname="DESKTOP-5KTOU1E" failures="0" tests="1" name="RestPackage.Put" time="1.777" errors="0" timestamp="2023-09-27T13:31:25 IST" skipped="0">
  <testcase classname="RestPackage.Put" name="put_mtd" time="1.777"/>
  <system-out/>
</testsuite> <!-- RestPackage.Put -->
