<?xml version="1.0" encoding="UTF-8"?>
<!-- Generated by org.testng.reporters.JUnitReportReporter -->
<testsuite hostname="DESKTOP-5KTOU1E" failures="0" tests="1" name="Parseing.DeSerialization" time="0.237" errors="0" timestamp="2023-09-28T18:30:14 IST" skipped="0">
  <testcase classname="Parseing.DeSerialization" name="deserial" time="0.237"/>
  <system-out/>
</testsuite> <!-- Parseing.DeSerialization -->
