<?xml version="1.0" encoding="UTF-8"?>
<!-- Generated by org.testng.reporters.JUnitReportReporter -->
<testsuite hostname="DESKTOP-5KTOU1E" failures="0" tests="1" name="BDD.Get" time="1.466" errors="0" timestamp="2023-09-27T15:49:02 IST" skipped="0">
  <testcase classname="BDD.Get" name="get" time="1.466"/>
  <system-out/>
</testsuite> <!-- BDD.Get -->
