<?xml version="1.0" encoding="UTF-8"?>
<!-- Generated by org.testng.reporters.JUnitReportReporter -->
<testsuite hostname="DESKTOP-5KTOU1E" failures="0" tests="1" name="PostBy_DifferentWays.PostBy_POJOLibrary" time="1.712" errors="0" timestamp="2023-10-06T17:38:35 IST" skipped="0">
  <testcase classname="PostBy_DifferentWays.PostBy_POJOLibrary" name="postBy_library" time="1.712"/>
  <system-out/>
</testsuite> <!-- PostBy_DifferentWays.PostBy_POJOLibrary -->
