<?xml version="1.0" encoding="UTF-8"?>
<!-- Generated by org.testng.reporters.JUnitReportReporter -->
<testsuite hostname="DESKTOP-5KTOU1E" failures="0" tests="1" name="PostBy_DifferentWays.PostBy_File" time="1.483" errors="0" timestamp="2023-09-28T13:14:36 IST" skipped="0">
  <testcase classname="PostBy_DifferentWays.PostBy_File" name="File_post" time="1.483"/>
  <system-out/>
</testsuite> <!-- PostBy_DifferentWays.PostBy_File -->
