<?xml version="1.0" encoding="UTF-8"?>
<!-- Generated by org.testng.reporters.JUnitReportReporter -->
<testsuite hostname="DESKTOP-5KTOU1E" failures="0" tests="1" name="Parseing.Serialization_Part2" time="0.275" errors="0" timestamp="2023-10-07T15:46:50 IST" skipped="0">
  <testcase classname="Parseing.Serialization_Part2" name="Ser1" time="0.275"/>
  <system-out/>
</testsuite> <!-- Parseing.Serialization_Part2 -->
