<?xml version="1.0" encoding="UTF-8"?>
<!-- Generated by org.testng.reporters.JUnitReportReporter -->
<testsuite hostname="DESKTOP-5KTOU1E" failures="0" tests="1" name="RestPackage.PostBy_JsonObject" time="1.897" errors="0" timestamp="2023-09-27T12:21:46 IST" skipped="0">
  <testcase classname="RestPackage.PostBy_JsonObject" name="post" time="1.897"/>
  <system-out/>
</testsuite> <!-- RestPackage.PostBy_JsonObject -->
