<?xml version="1.0" encoding="UTF-8"?>
<!-- Generated by org.testng.reporters.JUnitReportReporter -->
<testsuite hostname="DESKTOP-5KTOU1E" failures="0" tests="1" name="RequestChaining.PostAndGet" time="2.510" errors="0" timestamp="2023-10-09T15:52:41 IST" skipped="0">
  <testcase classname="RequestChaining.PostAndGet" name="post_Get" time="2.510"/>
</testsuite> <!-- RequestChaining.PostAndGet -->
