<?xml version="1.0" encoding="UTF-8"?>
<!-- Generated by org.testng.reporters.JUnitReportReporter -->
<testsuite hostname="DESKTOP-5KTOU1E" failures="0" tests="6" name="Beginner.AllAnnotation" time="0.018" errors="0" timestamp="2023-09-08T17:08:00 IST" skipped="0">
  <testcase classname="Beginner.AllAnnotation" name="Test1" time="0.001"/>
  <testcase classname="Beginner.AllAnnotation" name="Test1" time="0.009"/>
  <testcase classname="Beginner.AllAnnotation" name="Test3" time="0.001"/>
  <testcase classname="Beginner.AllAnnotation" name="Test4" time="0.002"/>
  <testcase classname="Beginner.AllAnnotation" name="Test2" time="0.004"/>
  <testcase classname="Beginner.AllAnnotation" name="Test5" time="0.001"/>
</testsuite> <!-- Beginner.AllAnnotation -->
