<?xml version="1.0" encoding="UTF-8"?>
<!-- Generated by org.testng.reporters.JUnitReportReporter -->
<testsuite hostname="DESKTOP-5KTOU1E" failures="0" tests="4" name="Beginner.CashoraLogin" time="6.291" errors="0" timestamp="2023-09-11T15:21:59 IST" skipped="0">
  <testcase classname="Beginner.CashoraLogin" name="test" time="6.280"/>
  <testcase classname="Beginner.CashoraLogin" name="Metoo" time="0.001"/>
  <testcase classname="Beginner.CashoraLogin" name="thread" time="0.001"/>
  <testcase classname="Beginner.CashoraLogin" name="Me" time="0.009"/>
</testsuite> <!-- Beginner.CashoraLogin -->
