<?xml version="1.0" encoding="UTF-8"?>
<!-- Generated by org.testng.reporters.JUnitReportReporter -->
<testsuite hostname="DESKTOP-5KTOU1E" failures="0" tests="1" name="Beginner.WindowHandle" time="15.992" errors="0" timestamp="2023-10-18T18:14:01 IST" skipped="0">
  <testcase classname="Beginner.WindowHandle" name="campaignWithProduct" time="15.992"/>
</testsuite> <!-- Beginner.WindowHandle -->
