<?xml version="1.0" encoding="UTF-8"?>
<!-- Generated by org.testng.reporters.JUnitReportReporter -->
<testsuite hostname="DESKTOP-5KTOU1E" failures="0" tests="1" name="Beginner.TestNG" time="4.529" errors="0" timestamp="2023-09-08T16:08:27 IST" skipped="0">
  <testcase classname="Beginner.TestNG" name="test" time="4.529"/>
</testsuite> <!-- Beginner.TestNG -->
