<?xml version="1.0" encoding="UTF-8"?>
<!-- Generated by org.testng.reporters.JUnitReportReporter -->
<testsuite hostname="DESKTOP-5KTOU1E" failures="0" tests="1" name="com.Woost1.Parallel2" time="6.666" errors="0" timestamp="2023-09-11T15:14:45 IST" skipped="0">
  <testcase classname="com.Woost1.Parallel2" name="Test1" time="6.666"/>
</testsuite> <!-- com.Woost1.Parallel2 -->
