<?xml version="1.0" encoding="UTF-8"?>
<!-- Generated by org.testng.reporters.JUnitReportReporter -->
<testsuite hostname="DESKTOP-5KTOU1E" failures="0" tests="5" name="com.Woost1.OthersAnnotaion" time="0.714" errors="0" timestamp="2023-05-12T11:29:44 IST" skipped="0">
  <testcase classname="com.Woost1.OthersAnnotaion" name="usb4" time="0.027"/>
  <system-out/>
  <testcase classname="com.Woost1.OthersAnnotaion" name="usb3" time="0.001"/>
  <system-out/>
  <testcase classname="com.Woost1.OthersAnnotaion" name="usb2" time="0.001"/>
  <system-out/>
  <testcase classname="com.Woost1.OthersAnnotaion" name="usb1" time="0.680"/>
  <system-out/>
  <testcase classname="com.Woost1.OthersAnnotaion" name="usb2" time="0.005"/>
  <system-out/>
</testsuite> <!-- com.Woost1.OthersAnnotaion -->
