<?xml version="1.0" encoding="UTF-8"?>
<!-- Generated by org.testng.reporters.JUnitReportReporter -->
<testsuite hostname="DESKTOP-5KTOU1E" failures="0" tests="3" name="com.Woost1.Annotation" time="0.014" errors="0" timestamp="2023-08-09T18:00:55 IST" skipped="0">
  <testcase classname="com.Woost1.Annotation" name="tesst" time="0.007"/>
  <testcase classname="com.Woost1.Annotation" name="tesst2" time="0.003"/>
  <testcase classname="com.Woost1.Annotation" name="tesst3" time="0.004"/>
</testsuite> <!-- com.Woost1.Annotation -->
