<?xml version="1.0" encoding="UTF-8"?>
<!-- Generated by org.testng.reporters.JUnitReportReporter -->
<testsuite hostname="DESKTOP-5KTOU1E" failures="0" tests="2" name="com.Woost1.TestNgParallel" time="0.011" errors="0" timestamp="2023-05-12T11:53:49 IST" skipped="0">
  <testcase classname="com.Woost1.TestNgParallel" name="Test2" time="0.001"/>
  <system-out/>
  <testcase classname="com.Woost1.TestNgParallel" name="Test1" time="0.010"/>
  <system-out/>
</testsuite> <!-- com.Woost1.TestNgParallel -->
