<?xml version="1.0" encoding="UTF-8"?>
<!-- Generated by org.testng.reporters.JUnitReportReporter -->
<testsuite hostname="DESKTOP-5KTOU1E" failures="0" tests="1" name="com.Woost1.Parallel2" time="10.890" errors="0" timestamp="2023-05-12T13:10:53 IST" skipped="0">
  <testcase classname="com.Woost1.Parallel2" name="Test1" time="10.890"/>
  <system-out/>
</testsuite> <!-- com.Woost1.Parallel2 -->
