<?xml version="1.0" encoding="UTF-8"?>
<!-- Generated by org.testng.reporters.JUnitReportReporter -->
<testsuite hostname="DESKTOP-5KTOU1E" failures="0" tests="1" name="com.Woost1.TestCase001" time="4.569" errors="0" timestamp="2023-05-18T12:35:25 IST" skipped="0">
  <testcase classname="com.Woost1.TestCase001" name="loginTest" time="4.569"/>
  <system-out>
    <![CDATA[Opening browser]]>
  </system-out>
</testsuite> <!-- com.Woost1.TestCase001 -->
