<?xml version="1.0" encoding="UTF-8"?>
<!-- Generated by org.testng.reporters.JUnitReportReporter -->
<testsuite hostname="DESKTOP-5KTOU1E" failures="0" tests="3" name="com.Woost1.Annotation" time="0.008" errors="0" timestamp="2023-05-12T11:29:44 IST" skipped="0">
  <testcase classname="com.Woost1.Annotation" name="tesst2" time="0.005"/>
  <system-out/>
  <testcase classname="com.Woost1.Annotation" name="tesst" time="0.001"/>
  <system-out/>
  <testcase classname="com.Woost1.Annotation" name="tesst3" time="0.002"/>
  <system-out/>
</testsuite> <!-- com.Woost1.Annotation -->
