<?xml version="1.0" encoding="UTF-8"?>
<!-- Generated by org.testng.reporters.JUnitReportReporter -->
<testsuite hostname="DESKTOP-5KTOU1E" failures="0" tests="1" name="com.inteBanking.testCases.TestCase001" time="4.912" errors="0" timestamp="2023-09-01T11:20:11 IST" skipped="0">
  <testcase classname="com.inteBanking.testCases.TestCase001" name="loginTest" time="4.912"/>
  <system-out>
    <![CDATA[Opening browser]]>
  </system-out>
</testsuite> <!-- com.inteBanking.testCases.TestCase001 -->
