<?xml version="1.0" encoding="UTF-8"?>
<!-- Generated by org.testng.reporters.JUnitReportReporter -->
<testsuite hostname="DESKTOP-5KTOU1E" failures="0" tests="1" name="com.inteBanking.pageObjects.gg" time="1.778" errors="0" timestamp="2023-05-15T16:11:58 IST" skipped="0">
  <testcase classname="com.inteBanking.pageObjects.gg" name="launch" time="1.778"/>
  <system-out/>
</testsuite> <!-- com.inteBanking.pageObjects.gg -->
