<?xml version="1.0" encoding="UTF-8"?>
<!-- Generated by org.testng.reporters.JUnitReportReporter -->
<testsuite hostname="DESKTOP-5KTOU1E" failures="0" tests="1" name="com.inteBanking.testCases.TestCase001" time="6.301" errors="0" timestamp="2023-05-15T16:54:30 IST" skipped="0">
  <testcase classname="com.inteBanking.testCases.TestCase001" name="loginTest" time="6.301"/>
  <system-out>
    <![CDATA[Opening browser]]>
  </system-out>
</testsuite> <!-- com.inteBanking.testCases.TestCase001 -->
